[00:01:06] [Server thread/INFO]: [Azailys: Set the time to 0]
[00:01:22] [Server thread/INFO]: CrystalSkypper tried to swim in lava
[00:02:53] [Server thread/INFO]: [CrystalSkypper: Teleported CrystalSkypper to -142.500000, 0.000000, 125.500000]
[00:02:58] [Server thread/INFO]: CrystalSkypper fell out of the world
[00:03:27] [Server thread/INFO]: [CrystalSkypper: Set own game mode to Spectator Mode]
[00:04:50] [Server thread/INFO]: [CrystalSkypper: Set own game mode to Creative Mode]
[00:06:54] [Server thread/INFO]: [CrystalSkypper: Set own game mode to Survival Mode]
[00:07:03] [Server thread/WARN]: Can't keep up! Is the server overloaded? Running 3034ms or 60 ticks behind
[00:08:02] [Server thread/INFO]: <CrystalSkypper> -5100 / 35 /1421
[00:10:08] [Server thread/INFO]: [CrystalSkypper: Gave 1 [Stone Pickaxe] to CrystalSkypper]
[00:11:44] [Server thread/INFO]: [Azailys: Set the time to 0]
[00:22:22] [Server thread/INFO]: [Azailys: Set the time to 0]
[00:28:03] [Server thread/WARN]: Can't keep up! Is the server overloaded? Running 9796ms or 195 ticks behind
[00:28:03] [Server thread/WARN]: CrystalSkypper moved too quickly! 0.08263885369797208,10.10690018189488,0.05097769502935989
[00:28:15] [Server thread/INFO]: Azailys lost connection: Disconnected
[00:28:15] [Server thread/INFO]: Azailys left the game
[00:29:12] [Server thread/INFO]: CrystalSkypper lost connection: Disconnected
[00:29:12] [Server thread/INFO]: CrystalSkypper left the game
[00:29:40] [Server thread/INFO]: Stopping the server
[00:29:40] [Server thread/INFO]: Stopping server
[00:29:40] [Server thread/INFO]: Saving players
[00:29:40] [Server thread/INFO]: Saving worlds
[00:29:40] [Server thread/INFO]: Saving chunks for level 'ServerLevel[world]'/minecraft:overworld
[00:29:40] [Server thread/INFO]: Saving chunks for level 'ServerLevel[world]'/minecraft:the_end
[00:29:40] [Server thread/INFO]: Saving chunks for level 'ServerLevel[world]'/minecraft:the_nether
[00:29:40] [Server thread/INFO]: ThreadedAnvilChunkStorage (world): All chunks are saved
[00:29:40] [Server thread/INFO]: ThreadedAnvilChunkStorage (DIM1): All chunks are saved
[00:29:40] [Server thread/INFO]: ThreadedAnvilChunkStorage (DIM-1): All chunks are saved
[00:29:40] [Server thread/INFO]: ThreadedAnvilChunkStorage: All dimensions are saved
